2026-04-15T19:02:16.816-04:00  INFO 18018 --- [Transfera] [main] c.e.transfera.TransferaApplication       : Starting TransferaApplication using Java 17.0.18 with PID 18018 (/Users/imarmang/Local_Desktop/Transfera/backend/build/classes/java/main started by imarmang in /Users/imarmang/Local_Desktop/Transfera)
2026-04-15T19:02:16.817-04:00  INFO 18018 --- [Transfera] [main] c.e.transfera.TransferaApplication       : The following 1 profile is active: "local"
2026-04-15T19:02:17.202-04:00  INFO 18018 --- [Transfera] [main] .s.d.r.c.RepositoryConfigurationDelegate : Bootstrapping Spring Data JPA repositories in DEFAULT mode.
2026-04-15T19:02:17.224-04:00  INFO 18018 --- [Transfera] [main] .s.d.r.c.RepositoryConfigurationDelegate : Finished Spring Data repository scanning in 18 ms. Found 5 JPA repository interfaces.
2026-04-15T19:02:17.466-04:00  INFO 18018 --- [Transfera] [main] o.s.boot.tomcat.TomcatWebServer          : Tomcat initialized with port 8080 (http)
2026-04-15T19:02:17.471-04:00  INFO 18018 --- [Transfera] [main] o.apache.catalina.core.StandardService   : Starting service [Tomcat]
2026-04-15T19:02:17.471-04:00  INFO 18018 --- [Transfera] [main] o.apache.catalina.core.StandardEngine    : Starting Servlet engine: [Apache Tomcat/11.0.15]
2026-04-15T19:02:17.490-04:00  INFO 18018 --- [Transfera] [main] b.w.c.s.WebApplicationContextInitializer : Root WebApplicationContext: initialization completed in 658 ms
2026-04-15T19:02:17.586-04:00  INFO 18018 --- [Transfera] [main] org.hibernate.orm.jpa                    : HHH008540: Processing PersistenceUnitInfo [name: default]
2026-04-15T19:02:17.614-04:00  INFO 18018 --- [Transfera] [main] org.hibernate.orm.core                   : HHH000001: Hibernate ORM core version 7.2.1.Final
2026-04-15T19:02:17.805-04:00  INFO 18018 --- [Transfera] [main] o.s.o.j.p.SpringPersistenceUnitInfo      : No LoadTimeWeaver setup: ignoring JPA class transformer
2026-04-15T19:02:17.820-04:00  INFO 18018 --- [Transfera] [main] com.zaxxer.hikari.HikariDataSource       : HikariPool-1 - Starting...
2026-04-15T19:02:17.885-04:00  INFO 18018 --- [Transfera] [main] com.zaxxer.hikari.pool.HikariPool        : HikariPool-1 - Added connection org.postgresql.jdbc.PgConnection@29e3c28
2026-04-15T19:02:17.886-04:00  INFO 18018 --- [Transfera] [main] com.zaxxer.hikari.HikariDataSource       : HikariPool-1 - Start completed.
2026-04-15T19:02:17.923-04:00  INFO 18018 --- [Transfera] [main] org.hibernate.orm.connections.pooling    : HHH10001005: Database info:
	Database JDBC URL [jdbc:postgresql://localhost:5432/transfera]
	Database driver: PostgreSQL JDBC Driver
	Database dialect: PostgreSQLDialect
	Database version: 16.11
	Default catalog/schema: transfera/public
	Autocommit mode: undefined/unknown
	Isolation level: READ_COMMITTED [default READ_COMMITTED]
	JDBC fetch size: none
	Pool: DataSourceConnectionProvider
	Minimum pool size: undefined/unknown
	Maximum pool size: undefined/unknown
2026-04-15T19:02:18.295-04:00  INFO 18018 --- [Transfera] [main] org.hibernate.orm.core                   : HHH000489: No JTA platform available (set 'hibernate.transaction.jta.platform' to enable JTA platform integration)
2026-04-15T19:02:18.341-04:00  INFO 18018 --- [Transfera] [main] j.LocalContainerEntityManagerFactoryBean : Initialized JPA EntityManagerFactory for persistence unit 'default'
2026-04-15T19:02:18.381-04:00  INFO 18018 --- [Transfera] [main] o.s.d.j.r.query.QueryEnhancerFactories   : Hibernate is in classpath; If applicable, HQL parser will be used.
2026-04-15T19:02:18.529-04:00  WARN 18018 --- [Transfera] [main] JpaBaseConfiguration$JpaWebConfiguration : spring.jpa.open-in-view is enabled by default. Therefore, database queries may be performed during view rendering. Explicitly configure spring.jpa.open-in-view to disable this warning
2026-04-15T19:02:18.583-04:00  INFO 18018 --- [Transfera] [main] r$InitializeUserDetailsManagerConfigurer : Global AuthenticationManager configured with UserDetailsService bean with name userDetailsServiceImpl
2026-04-15T19:02:19.020-04:00  INFO 18018 --- [Transfera] [main] o.s.b.a.e.web.EndpointLinksResolver      : Exposing 8 endpoints beneath base path '/actuator'
2026-04-15T19:02:19.063-04:00  INFO 18018 --- [Transfera] [main] o.s.boot.tomcat.TomcatWebServer          : Tomcat started on port 8080 (http) with context path '/'
2026-04-15T19:02:19.068-04:00  INFO 18018 --- [Transfera] [main] c.e.transfera.TransferaApplication       : Started TransferaApplication in 2.396 seconds (process running for 2.752)
2026-04-15T19:02:19.069-04:00  WARN 18018 --- [Transfera] [main] o.s.core.events.SpringDocAppInitializer  : SpringDoc /v3/api-docs endpoint is enabled by default. To disable it in production, set the property 'springdoc.api-docs.enabled=false'
2026-04-15T19:02:19.070-04:00  WARN 18018 --- [Transfera] [main] o.s.core.events.SpringDocAppInitializer  : SpringDoc /swagger-ui.html endpoint is enabled by default. To disable it in production, set the property 'springdoc.swagger-ui.enabled=false'
2026-04-15T19:02:19.293-04:00  INFO 18018 --- [Transfera] [RMI TCP Connection(1)-127.0.0.1] o.a.c.c.C.[Tomcat].[localhost].[/]       : Initializing Spring DispatcherServlet 'dispatcherServlet'
2026-04-15T19:02:19.293-04:00  INFO 18018 --- [Transfera] [RMI TCP Connection(1)-127.0.0.1] o.s.web.servlet.DispatcherServlet        : Initializing Servlet 'dispatcherServlet'
2026-04-15T19:02:19.296-04:00  INFO 18018 --- [Transfera] [RMI TCP Connection(1)-127.0.0.1] o.s.web.servlet.DispatcherServlet        : Completed initialization in 2 ms
2026-04-15T19:07:23.075-04:00  INFO 18018 --- [Transfera] [SpringApplicationShutdownHook] o.s.boot.tomcat.GracefulShutdown         : Commencing graceful shutdown. Waiting for active requests to complete
2026-04-15T19:07:23.078-04:00  INFO 18018 --- [Transfera] [tomcat-shutdown] o.s.boot.tomcat.GracefulShutdown         : Graceful shutdown complete
2026-04-15T19:07:23.086-04:00  INFO 18018 --- [Transfera] [SpringApplicationShutdownHook] j.LocalContainerEntityManagerFactoryBean : Closing JPA EntityManagerFactory for persistence unit 'default'
2026-04-15T19:07:23.089-04:00  INFO 18018 --- [Transfera] [SpringApplicationShutdownHook] com.zaxxer.hikari.HikariDataSource       : HikariPool-1 - Shutdown initiated...
2026-04-15T19:07:23.092-04:00  INFO 18018 --- [Transfera] [SpringApplicationShutdownHook] com.zaxxer.hikari.HikariDataSource       : HikariPool-1 - Shutdown completed.
